<?xml version="1.0" encoding="UTF-8"?>
<!-- Generated by org.testng.reporters.JUnitReportReporter -->
<testsuite hostname="OZL4909W" failures="0" tests="4" name="TestNgSessions.DisableTest" time="0.016" errors="0" timestamp="2022-01-06T09:28:59 IST" skipped="1">
  <testcase classname="TestNgSessions.DisableTest" name="test2" time="0.001"/>
  <system-out/>
  <testcase classname="TestNgSessions.DisableTest" name="test1" time="0.014"/>
  <system-out/>
  <testcase classname="TestNgSessions.DisableTest" name="test3" time="0.001"/>
  <system-out/>
  <testcase classname="TestNgSessions.DisableTest" name="atest4">
    <skipped/>
  </testcase> <!-- atest4 -->
  <system-out/>
</testsuite> <!-- TestNgSessions.DisableTest -->
