<?xml version="1.0" encoding="UTF-8"?>
<!-- Generated by org.testng.reporters.JUnitReportReporter -->
<testsuite hostname="OZL4909W" failures="0" tests="4" name="TestNgSessions.PriorityTest" time="0.023" errors="0" timestamp="2022-01-06T09:12:39 IST" skipped="0">
  <testcase classname="TestNgSessions.PriorityTest" name="test3" time="0.015"/>
  <system-out/>
  <testcase classname="TestNgSessions.PriorityTest" name="test1" time="0.002"/>
  <system-out/>
  <testcase classname="TestNgSessions.PriorityTest" name="test2" time="0.004"/>
  <system-out/>
  <testcase classname="TestNgSessions.PriorityTest" name="atest4" time="0.002"/>
  <system-out/>
</testsuite> <!-- TestNgSessions.PriorityTest -->
