<?xml version="1.0" encoding="UTF-8"?>
<!-- Generated by org.testng.reporters.JUnitReportReporter -->
<testsuite hostname="OZL4909W" failures="0" tests="2" name="TestNgSessions.TestNgAnnotations" time="0.013" errors="0" timestamp="2022-01-04T11:23:30 IST" skipped="0">
  <testcase classname="TestNgSessions.TestNgAnnotations" name="verifyTitleTest" time="0.002"/>
  <system-out/>
  <testcase classname="TestNgSessions.TestNgAnnotations" name="verifyLoggedInUser" time="0.011"/>
  <system-out/>
</testsuite> <!-- TestNgSessions.TestNgAnnotations -->
