<?xml version="1.0" encoding="UTF-8"?>
<!-- Generated by org.testng.reporters.JUnitReportReporter -->
<testsuite hostname="OZL4909W" failures="0" tests="1" name="TestNgSessions.ExpectedConditionsConcept" time="0.015" errors="0" timestamp="2022-01-06T09:17:49 IST" skipped="0">
  <testcase classname="TestNgSessions.ExpectedConditionsConcept" name="divTest" time="0.015"/>
  <system-out/>
</testsuite> <!-- TestNgSessions.ExpectedConditionsConcept -->
