<?xml version="1.0" encoding="UTF-8"?>
<!-- Generated by org.testng.reporters.JUnitReportReporter -->
<testsuite hostname="OZL4909W" failures="0" tests="10" name="TestNgSessions.InvocationCount" time="0.021" errors="0" timestamp="2022-01-06T09:40:02 IST" skipped="0">
  <testcase classname="TestNgSessions.InvocationCount" name="googleTest" time="0.002"/>
  <system-out/>
  <testcase classname="TestNgSessions.InvocationCount" name="googleTest" time="0.001"/>
  <system-out/>
  <testcase classname="TestNgSessions.InvocationCount" name="googleTest" time="0.000"/>
  <system-out/>
  <testcase classname="TestNgSessions.InvocationCount" name="googleTest" time="0.015"/>
  <system-out/>
  <testcase classname="TestNgSessions.InvocationCount" name="googleTest" time="0.001"/>
  <system-out/>
  <testcase classname="TestNgSessions.InvocationCount" name="googleTest" time="0.001"/>
  <system-out/>
  <testcase classname="TestNgSessions.InvocationCount" name="googleTest" time="0.000"/>
  <system-out/>
  <testcase classname="TestNgSessions.InvocationCount" name="googleTest" time="0.000"/>
  <system-out/>
  <testcase classname="TestNgSessions.InvocationCount" name="googleTest" time="0.000"/>
  <system-out/>
  <testcase classname="TestNgSessions.InvocationCount" name="googleTest" time="0.001"/>
  <system-out/>
</testsuite> <!-- TestNgSessions.InvocationCount -->
